f:\sip\sipcode\sipserver\debug\vc142.pdb
f:\sip\sipcode\sipserver\debug\vc142.idb
f:\sip\sipcode\sipserver\debug\sipserverconfig.obj
f:\sip\sipcode\sipserver\debug\sipserver.obj
f:\sip\sipcode\sipserver\debug\rtpportmanager.obj
f:\sip\sipcode\sipserver\debug\registserver.obj
f:\sip\sipcode\sipserver\debug\mysqldb.obj
f:\sip\sipcode\sipserver\debug\sipserverauthmanager.obj
f:\sip\sipcode\sipserver\debug\myclientregisthandler.obj
f:\sip\sipcode\sipserver\debug\myb2bsvmgr.obj
f:\sip\sipcode\sipserver\debug\msgcontentxml.obj
f:\sip\sipcode\sipserver\debug\main.obj
f:\sip\sipcode\sipserver\debug\mediaserveritem.obj
f:\sip\sipcode\sipserver\debug\mediadbmanager.obj
f:\sip\sipcode\sipserver\debug\localmediaserverinterface.obj
f:\sip\sipcode\sipserver\debug\imediaserverservice.obj
f:\sip\sipcode\sipserver\debug\http.obj
f:\sip\sipcode\sipserver\debug\devicecacheserverimpl.obj
f:\sip\sipcode\sipserver\debug\devicedbmanager.obj
f:\sip\sipcode\sipserver\debug\devicemanager.obj
f:\sip\sipcode\sipserver\debug\deviceinfo.obj
f:\sip\sipcode\sipserver\debug\devicechannel.obj
f:\sip\sipcode\sipserver\debug\requestcontext.obj
f:\sip\sipcode\sipserver\debug\reprotlspeerauthmanager.obj
f:\sip\sipcode\sipserver\debug\reproserverauthmanager.obj
f:\sip\sipcode\sipserver\debug\reproradiusserverauthmanager.obj
f:\sip\sipcode\sipserver\debug\reproauthenticatorfactory.obj
f:\sip\sipcode\sipserver\debug\radiusauthenticator.obj
f:\sip\sipcode\sipserver\debug\proxyconfig.obj
f:\sip\sipcode\sipserver\debug\proxy.obj
f:\sip\sipcode\sipserver\debug\processorchain.obj
f:\sip\sipcode\sipserver\debug\processor.obj
f:\sip\sipcode\sipserver\debug\persistentmessagequeue.obj
f:\sip\sipcode\sipserver\debug\istrustednode.obj
f:\sip\sipcode\sipserver\debug\filterstore.obj
f:\sip\sipcode\sipserver\debug\digestauthenticator.obj
f:\sip\sipcode\sipserver\debug\configstore.obj
f:\sip\sipcode\sipserver\debug\certificateauthenticator.obj
f:\sip\sipcode\sipserver\debug\basicwsconnectionvalidator.obj
f:\sip\sipcode\sipserver\debug\aclstore.obj
f:\sip\sipcode\sipserver\debug\accountingcollector.obj
f:\sip\sipcode\sipserver\debug\abstractdb.obj
f:\sip\sipcode\sipserver\debug\ownstring.obj
f:\sip\sipcode\sipserver\debug\m_time.obj
f:\sip\sipcode\sipserver\debug\ithreadpool.obj
f:\sip\sipcode\sipserver\debug\genuuid.obj
f:\sip\sipcode\sipserver\debug\codeconvert.obj
f:\sip\sipcode\sipserver\debug\any.obj
f:\sip\sipcode\sipserver\debug\tinyxml2.obj
f:\sip\sipcode\sipserver\debug\sqlitedb.obj
f:\sip\sipcode\sipserver\debug\userstore.obj
f:\sip\sipcode\sipserver\debug\userauthgrabber.obj
f:\sip\sipcode\sipserver\debug\tlspeeridentitystore.obj
f:\sip\sipcode\sipserver\debug\target.obj
f:\sip\sipcode\sipserver\debug\store.obj
f:\sip\sipcode\sipserver\debug\staticregstore.obj
f:\sip\sipcode\sipserver\debug\sqldb.obj
f:\sip\sipcode\sipserver\debug\silostore.obj
f:\sip\sipcode\sipserver\debug\rrdecorator.obj
f:\sip\sipcode\sipserver\debug\registrar.obj
f:\sip\sipcode\sipserver\debug\routestore.obj
f:\sip\sipcode\sipserver\debug\responsecontext.obj
f:\sip\sipcode\sipserver\debug\xmlmsganalysis.obj
f:\sip\sipcode\sipserver\debug\useragentmgr.obj
f:\sip\sipcode\sipserver\debug\uamessagemgr.obj
f:\sip\sipcode\sipserver\debug\ualink.obj
f:\sip\sipcode\sipserver\debug\uaclientcall.obj
f:\sip\sipcode\sipserver\debug\sqlite3.obj
f:\sip\sipcode\sipserver\debug\mongoose.obj
f:\sip\b2bserver\debug\sipserver.pdb
f:\sip\sipcode\sipserver\debug\sipserver.tlog\cl.command.1.tlog
f:\sip\sipcode\sipserver\debug\sipserver.tlog\cl.read.1.tlog
f:\sip\sipcode\sipserver\debug\sipserver.tlog\cl.write.1.tlog
f:\sip\sipcode\sipserver\debug\sipserver.tlog\link-cvtres.read.1.tlog
f:\sip\sipcode\sipserver\debug\sipserver.tlog\link-cvtres.write.1.tlog
f:\sip\sipcode\sipserver\debug\sipserver.tlog\link-rc.read.1.tlog
f:\sip\sipcode\sipserver\debug\sipserver.tlog\link-rc.write.1.tlog
f:\sip\sipcode\sipserver\debug\sipserver.tlog\link.command.1.tlog
f:\sip\sipcode\sipserver\debug\sipserver.tlog\link.read.1.tlog
f:\sip\sipcode\sipserver\debug\sipserver.tlog\link.write.1.tlog
